<html>
<head>
<title>TestNG:  Test Runner</title>
<link href="../testng.css" rel="stylesheet" type="text/css" />
<link href="../my-testng.css" rel="stylesheet" type="text/css" />

<style type="text/css">
.log { display: none;} 
.stack-trace { display: none;} 
</style>
<script type="text/javascript">
<!--
function flip(e) {
  current = e.style.display;
  if (current == 'block') {
    e.style.display = 'none';
    return 0;
  }
  else {
    e.style.display = 'block';
    return 1;
  }
}

function toggleBox(szDivId, elem, msg1, msg2)
{
  var res = -1;  if (document.getElementById) {
    res = flip(document.getElementById(szDivId));
  }
  else if (document.all) {
    // this is the way old msie versions work
    res = flip(document.all[szDivId]);
  }
  if(elem) {
    if(res == 0) elem.innerHTML = msg1; else elem.innerHTML = msg2;
  }

}

function toggleAllBoxes() {
  if (document.getElementsByTagName) {
    d = document.getElementsByTagName('div');
    for (i = 0; i < d.length; i++) {
      if (d[i].className == 'log') {
        flip(d[i]);
      }
    }
  }
}

// -->
</script>

</head>
<body>
<h2 align='center'>Test Runner</h2><table border='1' align="center">
<tr>
<td>Tests passed/Failed/Skipped:</td><td>6/2/0</td>
</tr><tr>
<td>Started on:</td><td>Sun Dec 07 17:33:17 IST 2025</td>
</tr>
<tr><td>Total time:</td><td>90 seconds (90545 ms)</td>
</tr><tr>
<td>Included groups:</td><td></td>
</tr><tr>
<td>Excluded groups:</td><td></td>
</tr>
</table><p/>
<small><i>(Hover the method name to see the test class name)</i></small><p/>
<table width='100%' border='1' class='invocation-failed'>
<tr><td colspan='4' align='center'><b>FAILED TESTS</b></td></tr>
<tr><td><b>Test method</b></td>
<td width="30%"><b>Exception</b></td>
<td width="10%"><b>Time (seconds)</b></td>
<td><b>Instance</b></td>
</tr>
<tr>
<td title='testrunner.runScenario()'><b>runScenario</b><br>Test class: testrunner<br>Test method: Runs Cucumber Scenarios<br>Parameters: "Successful registration with all mandatory fields", "Optional[Registering the user as an Admin]"</td>
<td><div><pre>java.lang.AssertionError: expected [true] but found [false]
	at stepdefinition.TC1_registration.the_system_navigates_to_Home_page(TC1_registration.java:181)
	at ✽.the system navigates to Home page(file:///C:/project%20demo%20automation/capstone/features/registration.feature:15)
... Removed 4 stack frames</pre></div><a href='#' onClick='toggleBox("stack-trace1263455953", this, "Click to show all stack frames", "Click to hide stack frames")'>Click to show all stack frames</a>
<div class='stack-trace' id='stack-trace1263455953'><pre>java.lang.AssertionError: expected [true] but found [false]
	at org.testng.Assert.fail(Assert.java:97)
	at org.testng.Assert.failNotEquals(Assert.java:969)
	at org.testng.Assert.assertTrue(Assert.java:43)
	at org.testng.Assert.assertTrue(Assert.java:53)
	at stepdefinition.TC1_registration.the_system_navigates_to_Home_page(TC1_registration.java:181)
	at ✽.the system navigates to Home page(file:///C:/project%20demo%20automation/capstone/features/registration.feature:15)
</pre></div></td>
<td>12</td>
<td>testrunner@394a2528</td></tr>
<tr>
<td title='testrunner.runScenario()'><b>runScenario</b><br>Test class: testrunner<br>Test method: Runs Cucumber Scenarios<br>Parameters: "Registration fails with invalid firstname and lastname", "Optional[Registering the user as an Admin]"</td>
<td><div><pre>java.lang.AssertionError: expected [true] but found [false]
	at stepdefinition.TC1_registration.the_system_throws_error_that_firstname_and_lastname_is_invalid(TC1_registration.java:266)
	at ✽.the system throws error that firstname and lastname is invalid(file:///C:/project%20demo%20automation/capstone/features/registration.feature:51)
... Removed 4 stack frames</pre></div><a href='#' onClick='toggleBox("stack-trace57488372", this, "Click to show all stack frames", "Click to hide stack frames")'>Click to show all stack frames</a>
<div class='stack-trace' id='stack-trace57488372'><pre>java.lang.AssertionError: expected [true] but found [false]
	at org.testng.Assert.fail(Assert.java:97)
	at org.testng.Assert.failNotEquals(Assert.java:969)
	at org.testng.Assert.assertTrue(Assert.java:43)
	at org.testng.Assert.assertTrue(Assert.java:53)
	at stepdefinition.TC1_registration.the_system_throws_error_that_firstname_and_lastname_is_invalid(TC1_registration.java:266)
	at ✽.the system throws error that firstname and lastname is invalid(file:///C:/project%20demo%20automation/capstone/features/registration.feature:51)
</pre></div></td>
<td>12</td>
<td>testrunner@394a2528</td></tr>
</table><p>
<table width='100%' border='1' class='invocation-passed'>
<tr><td colspan='4' align='center'><b>PASSED TESTS</b></td></tr>
<tr><td><b>Test method</b></td>
<td width="30%"><b>Exception</b></td>
<td width="10%"><b>Time (seconds)</b></td>
<td><b>Instance</b></td>
</tr>
<tr>
<td title='testrunner.runScenario()'><b>runScenario</b><br>Test class: testrunner<br>Test method: Runs Cucumber Scenarios<br>Parameters: "User searches for SVEC articles with valid keyword", "Optional[Search SVEC articles]"</td>
<td></td>
<td>9</td>
<td>testrunner@394a2528</td></tr>
<tr>
<td title='testrunner.runScenario()'><b>runScenario</b><br>Test class: testrunner<br>Test method: Runs Cucumber Scenarios<br>Parameters: "User searches for SVEC articles with invalid keyword", "Optional[Search SVEC articles]"</td>
<td></td>
<td>8</td>
<td>testrunner@394a2528</td></tr>
<tr>
<td title='testrunner.runScenario()'><b>runScenario</b><br>Test class: testrunner<br>Test method: Runs Cucumber Scenarios<br>Parameters: "User searches for SVEC events with valid keyword", "Optional[Search SVEC events]"</td>
<td></td>
<td>10</td>
<td>testrunner@394a2528</td></tr>
<tr>
<td title='testrunner.runScenario()'><b>runScenario</b><br>Test class: testrunner<br>Test method: Runs Cucumber Scenarios<br>Parameters: "User searches for SVEC events with invalid keyword", "Optional[Search SVEC events]"</td>
<td></td>
<td>10</td>
<td>testrunner@394a2528</td></tr>
<tr>
<td title='testrunner.runScenario()'><b>runScenario</b><br>Test class: testrunner<br>Test method: Runs Cucumber Scenarios<br>Parameters: "Regsistration fails with missing mandatory fields", "Optional[Registering the user as an Admin]"</td>
<td></td>
<td>14</td>
<td>testrunner@394a2528</td></tr>
<tr>
<td title='testrunner.runScenario()'><b>runScenario</b><br>Test class: testrunner<br>Test method: Runs Cucumber Scenarios<br>Parameters: "Registration fails with invalid email format", "Optional[Registering the user as an Admin]"</td>
<td></td>
<td>12</td>
<td>testrunner@394a2528</td></tr>
</table><p>
</body>
</html>