{"name":"User searches for SVEC articles with invalid keyword","status":"failed","statusDetails":{"known":false,"muted":false,"flaky":false,"message":"expected [true] but found [false]","trace":"java.lang.AssertionError: expected [true] but found [false]\r\n\tat org.testng.Assert.fail(Assert.java:97)\r\n\tat org.testng.Assert.failNotEquals(Assert.java:969)\r\n\tat org.testng.Assert.assertTrue(Assert.java:43)\r\n\tat org.testng.Assert.assertTrue(Assert.java:53)\r\n\tat stepdefinition.TC2_articleSearch.an_error_message_that_no_elements_found_is_displayed(TC2_articleSearch.java:124)\r\n\tat ✽.an error message that no elements found is displayed(file:///C:/project%20demo%20automation/capstone/features/article_search.feature:17)\r\n"},"stage":"finished","steps":[{"name":"Given  user is on the Home page","status":"passed","statusDetails":{"known":false,"muted":false,"flaky":false},"stage":"finished","steps":[],"attachments":[],"parameters":[],"start":1764909764994,"stop":1764909768007},{"name":"When  the user enters an invalid keyword \"123456\" in the search field","status":"passed","statusDetails":{"known":false,"muted":false,"flaky":false},"stage":"finished","steps":[],"attachments":[],"parameters":[],"start":1764909768008,"stop":1764909768109},{"name":"And  the user clicks on search button","status":"passed","statusDetails":{"known":false,"muted":false,"flaky":false},"stage":"finished","steps":[],"attachments":[],"parameters":[],"start":1764909768110,"stop":1764909770925},{"name":"Then  an error message that no elements found is displayed","status":"failed","statusDetails":{"known":false,"muted":false,"flaky":false,"message":"expected [true] but found [false]","trace":"java.lang.AssertionError: expected [true] but found [false]\r\n\tat org.testng.Assert.fail(Assert.java:97)\r\n\tat org.testng.Assert.failNotEquals(Assert.java:969)\r\n\tat org.testng.Assert.assertTrue(Assert.java:43)\r\n\tat org.testng.Assert.assertTrue(Assert.java:53)\r\n\tat stepdefinition.TC2_articleSearch.an_error_message_that_no_elements_found_is_displayed(TC2_articleSearch.java:124)\r\n\tat ✽.an error message that no elements found is displayed(file:///C:/project%20demo%20automation/capstone/features/article_search.feature:17)\r\n"},"stage":"finished","steps":[],"attachments":[{"name":"Failed","source":"3762e1a0-e180-4a8f-b3f7-ebedd267d2dd-attachment.txt","type":"text/plain"}],"parameters":[],"start":1764909770927,"stop":1764909771056}],"attachments":[],"parameters":[],"start":1764909751881,"stop":1764909771306,"uuid":"302b8398-5a5f-41e8-badc-b39de43b6a08","historyId":"6412f8afee8dd2855e6d00e79c6a691b","fullName":"Search SVEC articles: User searches for SVEC articles with invalid keyword","labels":[{"name":"tag","value":"InvalidArticleSearch"},{"name":"host","value":"b4003863bca3550"},{"name":"thread","value":"3204@b4003863bca3550.main(1)"},{"name":"feature","value":"Search SVEC articles"},{"name":"story","value":"User searches for SVEC articles with invalid keyword"},{"name":"suite","value":"Search SVEC articles"},{"name":"testClass","value":"User searches for SVEC articles with invalid keyword"},{"name":"framework","value":"cucumber4jvm"},{"name":"language","value":"java"},{"name":"gherkin_uri","value":"file:///C:/project%20demo%20automation/capstone/features/article_search.feature"},{"name":"package","value":"features.article_search_feature.Search SVEC articles"}],"links":[]}