{"name":"Successful registration with all mandatory fields","status":"failed","statusDetails":{"known":false,"muted":false,"flaky":false,"message":"expected [true] but found [false]","trace":"java.lang.AssertionError: expected [true] but found [false]\r\n\tat org.testng.Assert.fail(Assert.java:97)\r\n\tat org.testng.Assert.failNotEquals(Assert.java:969)\r\n\tat org.testng.Assert.assertTrue(Assert.java:43)\r\n\tat org.testng.Assert.assertTrue(Assert.java:53)\r\n\tat stepdefinition.TC1_registration.the_system_navigates_to_Home_page(TC1_registration.java:181)\r\n\tat ✽.the system navigates to Home page(file:///C:/project%20demo%20automation/capstone/features/registration.feature:15)\r\n"},"stage":"finished","steps":[{"name":"Given  user is on the registration page","status":"passed","statusDetails":{"known":false,"muted":false,"flaky":false},"stage":"finished","steps":[],"attachments":[],"parameters":[],"start":1765109037132,"stop":1765109044199},{"name":"When  user enters the mandatory fields by the following","status":"passed","statusDetails":{"known":false,"muted":false,"flaky":false},"stage":"finished","steps":[],"attachments":[{"name":"Data table","source":"46561825-f258-43f2-81c4-0e8cbac6265e-attachment.csv","type":"text/tab-separated-values"}],"parameters":[],"start":1765109044203,"stop":1765109046517},{"name":"And  the user clicks add","status":"passed","statusDetails":{"known":false,"muted":false,"flaky":false},"stage":"finished","steps":[],"attachments":[],"parameters":[],"start":1765109046518,"stop":1765109049017},{"name":"Then  the system navigates to Home page","status":"failed","statusDetails":{"known":false,"muted":false,"flaky":false,"message":"expected [true] but found [false]","trace":"java.lang.AssertionError: expected [true] but found [false]\r\n\tat org.testng.Assert.fail(Assert.java:97)\r\n\tat org.testng.Assert.failNotEquals(Assert.java:969)\r\n\tat org.testng.Assert.assertTrue(Assert.java:43)\r\n\tat org.testng.Assert.assertTrue(Assert.java:53)\r\n\tat stepdefinition.TC1_registration.the_system_navigates_to_Home_page(TC1_registration.java:181)\r\n\tat ✽.the system navigates to Home page(file:///C:/project%20demo%20automation/capstone/features/registration.feature:15)\r\n"},"stage":"finished","steps":[],"attachments":[{"name":"Failed","source":"556408e7-91ec-4fe8-906e-58200763832f-attachment.txt","type":"text/plain"}],"parameters":[],"start":1765109049018,"stop":1765109049337}],"attachments":[],"parameters":[],"start":1765109037132,"stop":1765109049340,"uuid":"3efbb2c2-b22e-478f-94a6-08772dbfcd06","historyId":"bd0c01eaff1542b0dfcee9703647db84","fullName":"Registering the user as an Admin: Successful registration with all mandatory fields","labels":[{"name":"tag","value":"ValidDetails"},{"name":"host","value":"b4003863bca3550"},{"name":"thread","value":"10416@b4003863bca3550.main(3)"},{"name":"feature","value":"Registering the user as an Admin"},{"name":"story","value":"Successful registration with all mandatory fields"},{"name":"suite","value":"Registering the user as an Admin"},{"name":"testClass","value":"Successful registration with all mandatory fields"},{"name":"framework","value":"cucumber4jvm"},{"name":"language","value":"java"},{"name":"gherkin_uri","value":"file:///C:/project%20demo%20automation/capstone/features/registration.feature"},{"name":"package","value":"features.registration_feature.Registering the user as an Admin"}],"links":[]}