{"name":"Registration fails with invalid firstname and lastname","status":"failed","statusDetails":{"known":false,"muted":false,"flaky":false,"message":"expected [true] but found [false]","trace":"java.lang.AssertionError: expected [true] but found [false]\r\n\tat org.testng.Assert.fail(Assert.java:97)\r\n\tat org.testng.Assert.failNotEquals(Assert.java:969)\r\n\tat org.testng.Assert.assertTrue(Assert.java:43)\r\n\tat org.testng.Assert.assertTrue(Assert.java:53)\r\n\tat stepdefinition.TC1_registration.the_system_throws_error_that_firstname_and_lastname_is_invalid(TC1_registration.java:266)\r\n\tat ✽.the system throws error that firstname and lastname is invalid(file:///C:/project%20demo%20automation/capstone/features/registration.feature:51)\r\n"},"stage":"finished","steps":[{"name":"Given  user is on the registration page","status":"passed","statusDetails":{"known":false,"muted":false,"flaky":false},"stage":"finished","steps":[],"attachments":[],"parameters":[],"start":1765108882164,"stop":1765108889288},{"name":"When  user enters invalid firstname and lastname","status":"passed","statusDetails":{"known":false,"muted":false,"flaky":false},"stage":"finished","steps":[],"attachments":[{"name":"Data table","source":"889b6d07-a53d-479d-9164-1dbbfae8a1a3-attachment.csv","type":"text/tab-separated-values"}],"parameters":[],"start":1765108889289,"stop":1765108891639},{"name":"And  the user clicks add","status":"passed","statusDetails":{"known":false,"muted":false,"flaky":false},"stage":"finished","steps":[],"attachments":[],"parameters":[],"start":1765108891640,"stop":1765108894182},{"name":"Then  the system throws error that firstname and lastname is invalid","status":"failed","statusDetails":{"known":false,"muted":false,"flaky":false,"message":"expected [true] but found [false]","trace":"java.lang.AssertionError: expected [true] but found [false]\r\n\tat org.testng.Assert.fail(Assert.java:97)\r\n\tat org.testng.Assert.failNotEquals(Assert.java:969)\r\n\tat org.testng.Assert.assertTrue(Assert.java:43)\r\n\tat org.testng.Assert.assertTrue(Assert.java:53)\r\n\tat stepdefinition.TC1_registration.the_system_throws_error_that_firstname_and_lastname_is_invalid(TC1_registration.java:266)\r\n\tat ✽.the system throws error that firstname and lastname is invalid(file:///C:/project%20demo%20automation/capstone/features/registration.feature:51)\r\n"},"stage":"finished","steps":[],"attachments":[{"name":"Failed","source":"f2c2aeb5-a4a9-4885-800c-8dbd87922e10-attachment.txt","type":"text/plain"}],"parameters":[],"start":1765108894183,"stop":1765108894552}],"attachments":[],"parameters":[],"start":1765108882163,"stop":1765108894552,"uuid":"42a24842-55e8-4b7d-880c-8f78e15608e2","historyId":"540c0a19252f1135cf484c03b002bc8","fullName":"Registering the user as an Admin: Registration fails with invalid firstname and lastname","labels":[{"name":"tag","value":"Invalidfnameandlname"},{"name":"host","value":"b4003863bca3550"},{"name":"thread","value":"11032@b4003863bca3550.main(1)"},{"name":"feature","value":"Registering the user as an Admin"},{"name":"story","value":"Registration fails with invalid firstname and lastname"},{"name":"suite","value":"Registering the user as an Admin"},{"name":"testClass","value":"Registration fails with invalid firstname and lastname"},{"name":"framework","value":"cucumber4jvm"},{"name":"language","value":"java"},{"name":"gherkin_uri","value":"file:///C:/project%20demo%20automation/capstone/features/registration.feature"},{"name":"package","value":"features.registration_feature.Registering the user as an Admin"}],"links":[]}