{"name":"Successful registration with all mandatory fields","status":"failed","statusDetails":{"known":false,"muted":false,"flaky":false,"message":"expected [true] but found [false]","trace":"java.lang.AssertionError: expected [true] but found [false]\r\n\tat org.testng.Assert.fail(Assert.java:97)\r\n\tat org.testng.Assert.failNotEquals(Assert.java:969)\r\n\tat org.testng.Assert.assertTrue(Assert.java:43)\r\n\tat org.testng.Assert.assertTrue(Assert.java:53)\r\n\tat stepdefinition.TC1_registration.the_system_navigates_to_Home_page(TC1_registration.java:182)\r\n\tat ✽.the system navigates to Home page(file:///C:/project%20demo%20automation/capstone/features/registration.feature:15)\r\n"},"stage":"finished","steps":[{"name":"Given  user is on the registration page","status":"passed","statusDetails":{"known":false,"muted":false,"flaky":false},"stage":"finished","steps":[],"attachments":[],"parameters":[],"start":1764614912019,"stop":1764614919046},{"name":"When  user enters the mandatory fields by the following","status":"passed","statusDetails":{"known":false,"muted":false,"flaky":false},"stage":"finished","steps":[],"attachments":[{"name":"Data table","source":"8eaa928f-ea77-4af0-af31-38c6c86dc6d6-attachment.csv","type":"text/tab-separated-values"}],"parameters":[],"start":1764614919047,"stop":1764614921443},{"name":"And  the user clicks add","status":"passed","statusDetails":{"known":false,"muted":false,"flaky":false},"stage":"finished","steps":[],"attachments":[],"parameters":[],"start":1764614921444,"stop":1764614923973},{"name":"Then  the system navigates to Home page","status":"failed","statusDetails":{"known":false,"muted":false,"flaky":false,"message":"expected [true] but found [false]","trace":"java.lang.AssertionError: expected [true] but found [false]\r\n\tat org.testng.Assert.fail(Assert.java:97)\r\n\tat org.testng.Assert.failNotEquals(Assert.java:969)\r\n\tat org.testng.Assert.assertTrue(Assert.java:43)\r\n\tat org.testng.Assert.assertTrue(Assert.java:53)\r\n\tat stepdefinition.TC1_registration.the_system_navigates_to_Home_page(TC1_registration.java:182)\r\n\tat ✽.the system navigates to Home page(file:///C:/project%20demo%20automation/capstone/features/registration.feature:15)\r\n"},"stage":"finished","steps":[],"attachments":[{"name":"Failed","source":"ba248353-b219-4d5e-9e18-0e490dbe67c2-attachment.txt","type":"text/plain"}],"parameters":[],"start":1764614923974,"stop":1764614924361}],"attachments":[],"parameters":[],"start":1764614912019,"stop":1764614924363,"uuid":"67dabdb1-aa92-46f1-a8cb-b412adf6c818","historyId":"bd0c01eaff1542b0dfcee9703647db84","fullName":"Registering the user as an Admin: Successful registration with all mandatory fields","labels":[{"name":"tag","value":"ValidDetails"},{"name":"host","value":"b4003863bca3550"},{"name":"thread","value":"7128@b4003863bca3550.main(3)"},{"name":"feature","value":"Registering the user as an Admin"},{"name":"story","value":"Successful registration with all mandatory fields"},{"name":"suite","value":"Registering the user as an Admin"},{"name":"testClass","value":"Successful registration with all mandatory fields"},{"name":"framework","value":"cucumber4jvm"},{"name":"language","value":"java"},{"name":"gherkin_uri","value":"file:///C:/project%20demo%20automation/capstone/features/registration.feature"},{"name":"package","value":"features.registration_feature.Registering the user as an Admin"}],"links":[]}