{"name":"Successful registration with all mandatory fields","status":"failed","statusDetails":{"known":false,"muted":false,"flaky":false,"message":"expected [true] but found [false]","trace":"java.lang.AssertionError: expected [true] but found [false]\r\n\tat org.testng.Assert.fail(Assert.java:97)\r\n\tat org.testng.Assert.failNotEquals(Assert.java:969)\r\n\tat org.testng.Assert.assertTrue(Assert.java:43)\r\n\tat org.testng.Assert.assertTrue(Assert.java:53)\r\n\tat stepdefinition.TC1_registration.the_system_navigates_to_Home_page(TC1_registration.java:180)\r\n\tat ✽.the system navigates to Home page(file:///C:/project%20demo%20automation/capstone/features/registration.feature:15)\r\n"},"stage":"finished","steps":[{"name":"Given  user is on the registration page","status":"passed","statusDetails":{"known":false,"muted":false,"flaky":false},"stage":"finished","steps":[],"attachments":[],"parameters":[],"start":1764909795364,"stop":1764909799133},{"name":"When  user enters the mandatory fields by the following","status":"passed","statusDetails":{"known":false,"muted":false,"flaky":false},"stage":"finished","steps":[],"attachments":[{"name":"Data table","source":"de83b07c-7efc-4aef-833d-d1aa021bc7de-attachment.csv","type":"text/tab-separated-values"}],"parameters":[],"start":1764909799134,"stop":1764909801591},{"name":"And  the user clicks add","status":"passed","statusDetails":{"known":false,"muted":false,"flaky":false},"stage":"finished","steps":[],"attachments":[],"parameters":[],"start":1764909801597,"stop":1764909804061},{"name":"Then  the system navigates to Home page","status":"failed","statusDetails":{"known":false,"muted":false,"flaky":false,"message":"expected [true] but found [false]","trace":"java.lang.AssertionError: expected [true] but found [false]\r\n\tat org.testng.Assert.fail(Assert.java:97)\r\n\tat org.testng.Assert.failNotEquals(Assert.java:969)\r\n\tat org.testng.Assert.assertTrue(Assert.java:43)\r\n\tat org.testng.Assert.assertTrue(Assert.java:53)\r\n\tat stepdefinition.TC1_registration.the_system_navigates_to_Home_page(TC1_registration.java:180)\r\n\tat ✽.the system navigates to Home page(file:///C:/project%20demo%20automation/capstone/features/registration.feature:15)\r\n"},"stage":"finished","steps":[],"attachments":[{"name":"Failed","source":"582cfccf-cf57-4ace-a5db-a28d570780e3-attachment.txt","type":"text/plain"}],"parameters":[],"start":1764909804062,"stop":1764909804192}],"attachments":[],"parameters":[],"start":1764909792166,"stop":1764909804427,"uuid":"6b1f0ede-3bb9-4f31-b438-2825a3b17a29","historyId":"bd0c01eaff1542b0dfcee9703647db84","fullName":"Registering the user as an Admin: Successful registration with all mandatory fields","labels":[{"name":"tag","value":"ValidDetails"},{"name":"host","value":"b4003863bca3550"},{"name":"thread","value":"3204@b4003863bca3550.main(1)"},{"name":"feature","value":"Registering the user as an Admin"},{"name":"story","value":"Successful registration with all mandatory fields"},{"name":"suite","value":"Registering the user as an Admin"},{"name":"testClass","value":"Successful registration with all mandatory fields"},{"name":"framework","value":"cucumber4jvm"},{"name":"language","value":"java"},{"name":"gherkin_uri","value":"file:///C:/project%20demo%20automation/capstone/features/registration.feature"},{"name":"package","value":"features.registration_feature.Registering the user as an Admin"}],"links":[]}