{"name":"Registration fails with invalid firstname and lastname","status":"failed","statusDetails":{"known":false,"muted":false,"flaky":false,"message":"expected [true] but found [false]","trace":"java.lang.AssertionError: expected [true] but found [false]\r\n\tat org.testng.Assert.fail(Assert.java:97)\r\n\tat org.testng.Assert.failNotEquals(Assert.java:969)\r\n\tat org.testng.Assert.assertTrue(Assert.java:43)\r\n\tat org.testng.Assert.assertTrue(Assert.java:53)\r\n\tat stepdefinition.TC1_registration.the_system_throws_error_that_firstname_and_lastname_is_invalid(TC1_registration.java:267)\r\n\tat ✽.the system throws error that firstname and lastname is invalid(file:///C:/project%20demo%20automation/capstone/features/registration.feature:51)\r\n"},"stage":"finished","steps":[{"name":"Given  user is on the registration page","status":"passed","statusDetails":{"known":false,"muted":false,"flaky":false},"stage":"finished","steps":[],"attachments":[],"parameters":[],"start":1764614951358,"stop":1764614964742},{"name":"When  user enters invalid firstname and lastname","status":"passed","statusDetails":{"known":false,"muted":false,"flaky":false},"stage":"finished","steps":[],"attachments":[{"name":"Data table","source":"f5a0c2ab-efee-44c8-b567-a4bd8cac8498-attachment.csv","type":"text/tab-separated-values"}],"parameters":[],"start":1764614964743,"stop":1764614967174},{"name":"And  the user clicks add","status":"passed","statusDetails":{"known":false,"muted":false,"flaky":false},"stage":"finished","steps":[],"attachments":[],"parameters":[],"start":1764614967175,"stop":1764614969625},{"name":"Then  the system throws error that firstname and lastname is invalid","status":"failed","statusDetails":{"known":false,"muted":false,"flaky":false,"message":"expected [true] but found [false]","trace":"java.lang.AssertionError: expected [true] but found [false]\r\n\tat org.testng.Assert.fail(Assert.java:97)\r\n\tat org.testng.Assert.failNotEquals(Assert.java:969)\r\n\tat org.testng.Assert.assertTrue(Assert.java:43)\r\n\tat org.testng.Assert.assertTrue(Assert.java:53)\r\n\tat stepdefinition.TC1_registration.the_system_throws_error_that_firstname_and_lastname_is_invalid(TC1_registration.java:267)\r\n\tat ✽.the system throws error that firstname and lastname is invalid(file:///C:/project%20demo%20automation/capstone/features/registration.feature:51)\r\n"},"stage":"finished","steps":[],"attachments":[{"name":"Failed","source":"5d333921-7a48-4535-ac9f-027fc414e8e1-attachment.txt","type":"text/plain"}],"parameters":[],"start":1764614969626,"stop":1764614969980}],"attachments":[],"parameters":[],"start":1764614951358,"stop":1764614969981,"uuid":"b3eb62f2-8122-4fa0-9c1d-f81b0212c8bf","historyId":"540c0a19252f1135cf484c03b002bc8","fullName":"Registering the user as an Admin: Registration fails with invalid firstname and lastname","labels":[{"name":"tag","value":"Invalidfnameandlname"},{"name":"host","value":"b4003863bca3550"},{"name":"thread","value":"7128@b4003863bca3550.main(3)"},{"name":"feature","value":"Registering the user as an Admin"},{"name":"story","value":"Registration fails with invalid firstname and lastname"},{"name":"suite","value":"Registering the user as an Admin"},{"name":"testClass","value":"Registration fails with invalid firstname and lastname"},{"name":"framework","value":"cucumber4jvm"},{"name":"language","value":"java"},{"name":"gherkin_uri","value":"file:///C:/project%20demo%20automation/capstone/features/registration.feature"},{"name":"package","value":"features.registration_feature.Registering the user as an Admin"}],"links":[]}