{"name":"Successful registration with all mandatory fields","status":"failed","statusDetails":{"known":false,"muted":false,"flaky":false,"message":"expected [true] but found [false]","trace":"java.lang.AssertionError: expected [true] but found [false]\r\n\tat org.testng.Assert.fail(Assert.java:97)\r\n\tat org.testng.Assert.failNotEquals(Assert.java:969)\r\n\tat org.testng.Assert.assertTrue(Assert.java:43)\r\n\tat org.testng.Assert.assertTrue(Assert.java:53)\r\n\tat stepdefinition.TC1_registration.the_system_navigates_to_Home_page(TC1_registration.java:181)\r\n\tat ✽.the system navigates to Home page(file:///C:/project%20demo%20automation/capstone/features/registration.feature:15)\r\n"},"stage":"finished","steps":[{"name":"Given  user is on the registration page","status":"passed","statusDetails":{"known":false,"muted":false,"flaky":false},"stage":"finished","steps":[],"attachments":[],"parameters":[],"start":1765108843354,"stop":1765108850524},{"name":"When  user enters the mandatory fields by the following","status":"passed","statusDetails":{"known":false,"muted":false,"flaky":false},"stage":"finished","steps":[],"attachments":[{"name":"Data table","source":"621560c4-90b3-4f7a-8ff9-ed96d9c9c4ab-attachment.csv","type":"text/tab-separated-values"}],"parameters":[],"start":1765108850525,"stop":1765108852928},{"name":"And  the user clicks add","status":"passed","statusDetails":{"known":false,"muted":false,"flaky":false},"stage":"finished","steps":[],"attachments":[],"parameters":[],"start":1765108852930,"stop":1765108855467},{"name":"Then  the system navigates to Home page","status":"failed","statusDetails":{"known":false,"muted":false,"flaky":false,"message":"expected [true] but found [false]","trace":"java.lang.AssertionError: expected [true] but found [false]\r\n\tat org.testng.Assert.fail(Assert.java:97)\r\n\tat org.testng.Assert.failNotEquals(Assert.java:969)\r\n\tat org.testng.Assert.assertTrue(Assert.java:43)\r\n\tat org.testng.Assert.assertTrue(Assert.java:53)\r\n\tat stepdefinition.TC1_registration.the_system_navigates_to_Home_page(TC1_registration.java:181)\r\n\tat ✽.the system navigates to Home page(file:///C:/project%20demo%20automation/capstone/features/registration.feature:15)\r\n"},"stage":"finished","steps":[],"attachments":[{"name":"Failed","source":"b6952a7d-2719-47b9-b1c5-578986a1e7ff-attachment.txt","type":"text/plain"}],"parameters":[],"start":1765108855468,"stop":1765108855834}],"attachments":[],"parameters":[],"start":1765108843354,"stop":1765108855836,"uuid":"f61e2ecb-497c-47e1-9f9c-5be0b2dde774","historyId":"bd0c01eaff1542b0dfcee9703647db84","fullName":"Registering the user as an Admin: Successful registration with all mandatory fields","labels":[{"name":"tag","value":"ValidDetails"},{"name":"host","value":"b4003863bca3550"},{"name":"thread","value":"11032@b4003863bca3550.main(1)"},{"name":"feature","value":"Registering the user as an Admin"},{"name":"story","value":"Successful registration with all mandatory fields"},{"name":"suite","value":"Registering the user as an Admin"},{"name":"testClass","value":"Successful registration with all mandatory fields"},{"name":"framework","value":"cucumber4jvm"},{"name":"language","value":"java"},{"name":"gherkin_uri","value":"file:///C:/project%20demo%20automation/capstone/features/registration.feature"},{"name":"package","value":"features.registration_feature.Registering the user as an Admin"}],"links":[]}