<?xml version="1.0" encoding="UTF-8"?>
<testng-results ignored="0" total="0" passed="0" failed="0" skipped="0">
  <reporter-output>
  </reporter-output>
  <suite started-at="2025-11-25T14:37:28 IST" name="Default suite" finished-at="2025-11-25T14:37:28 IST" duration-ms="12">
    <groups>
    </groups>
    <test started-at="2025-11-25T14:37:28 IST" name="Default test" finished-at="2025-11-25T14:37:28 IST" duration-ms="12">
      <class name="utility.reportGenerator">
        <test-method is-config="true" signature="beforeSuite()[pri:0, instance:utility.reportGenerator@385c9627]" started-at="2025-11-25T14:37:28 IST" name="beforeSuite" finished-at="2025-11-25T14:37:28 IST" duration-ms="200" status="PASS">
          <reporter-output>
          </reporter-output>
        </test-method> <!-- beforeSuite -->
        <test-method is-config="true" signature="afterSuite()[pri:0, instance:utility.reportGenerator@385c9627]" started-at="2025-11-25T14:37:28 IST" name="afterSuite" finished-at="2025-11-25T14:37:28 IST" duration-ms="1" status="PASS">
          <reporter-output>
          </reporter-output>
        </test-method> <!-- afterSuite -->
      </class> <!-- utility.reportGenerator -->
    </test> <!-- Default test -->
  </suite> <!-- Default suite -->
</testng-results>
