<?xml version="1.0" encoding="UTF-8"?>
<!-- Generated by org.testng.reporters.JUnitReportReporter -->
<testsuite hostname="b4003863bca3550" failures="2" tests="8" name="testrunner" time="90.019" errors="0" timestamp="2025-12-07T17:34:48 IST" skipped="0">
  <testcase classname="testrunner" name="runScenario" time="14.534"/>
  <system-out/>
  <testcase classname="testrunner" name="runScenario" time="10.149"/>
  <system-out/>
  <testcase classname="testrunner" name="runScenario" time="12.114"/>
  <system-out/>
  <testcase classname="testrunner" name="runScenario" time="12.334">
    <failure message="expected [true] but found [false]" type="java.lang.AssertionError">
      <![CDATA[java.lang.AssertionError: expected [true] but found [false]
at org.testng.Assert.fail(Assert.java:97)
at org.testng.Assert.failNotEquals(Assert.java:969)
at org.testng.Assert.assertTrue(Assert.java:43)
at org.testng.Assert.assertTrue(Assert.java:53)
at stepdefinition.TC1_registration.the_system_throws_error_that_firstname_and_lastname_is_invalid(TC1_registration.java:266)
at ✽.the system throws error that firstname and lastname is invalid(file:///C:/project%20demo%20automation/capstone/features/registration.feature:51)
]]>
    </failure>
  </testcase> <!-- runScenario -->
  <system-out/>
  <testcase classname="testrunner" name="runScenario" time="9.939"/>
  <system-out/>
  <testcase classname="testrunner" name="runScenario" time="10.053"/>
  <system-out/>
  <testcase classname="testrunner" name="runScenario" time="8.669"/>
  <system-out/>
  <testcase classname="testrunner" name="runScenario" time="12.227">
    <failure message="expected [true] but found [false]" type="java.lang.AssertionError">
      <![CDATA[java.lang.AssertionError: expected [true] but found [false]
at org.testng.Assert.fail(Assert.java:97)
at org.testng.Assert.failNotEquals(Assert.java:969)
at org.testng.Assert.assertTrue(Assert.java:43)
at org.testng.Assert.assertTrue(Assert.java:53)
at stepdefinition.TC1_registration.the_system_navigates_to_Home_page(TC1_registration.java:181)
at ✽.the system navigates to Home page(file:///C:/project%20demo%20automation/capstone/features/registration.feature:15)
]]>
    </failure>
  </testcase> <!-- runScenario -->
  <system-out/>
</testsuite> <!-- testrunner -->
